<?xml version="1.0" encoding="UTF-8"?>
<testng-results ignored="0" total="1" passed="1" failed="0" skipped="0">
  <reporter-output>
  </reporter-output>
  <suite started-at="2022-01-20T13:29:49 IST" name="Surefire suite" finished-at="2022-01-20T13:29:49 IST" duration-ms="45">
    <groups>
    </groups>
    <test started-at="2022-01-20T13:29:49 IST" name="Surefire test" finished-at="2022-01-20T13:29:49 IST" duration-ms="45">
      <class name="SeleniumFrameworkProject.E2ETesting.AppTest">
        <test-method signature="shouldAnswerWithTrue()[pri:0, instance:SeleniumFrameworkProject.E2ETesting.AppTest@9597028]" started-at="2022-01-20T13:29:49 IST" name="shouldAnswerWithTrue" finished-at="2022-01-20T13:29:49 IST" duration-ms="4" status="PASS">
          <reporter-output>
          </reporter-output>
        </test-method> <!-- shouldAnswerWithTrue -->
      </class> <!-- SeleniumFrameworkProject.E2ETesting.AppTest -->
    </test> <!-- Surefire test -->
  </suite> <!-- Surefire suite -->
</testng-results>
